{
"/Users/geatz/Documents/development/yesno/angular1.6.1/app/nav/nav.factory.js":{"path":"/Users/geatz/Documents/development/yesno/angular1.6.1/app/nav/nav.factory.js","s":{"1":1,"2":3,"3":2,"4":1,"5":1,"6":1,"7":1,"8":0},"b":{"1":[1,1,0]},"f":{"1":3,"2":2},"fnMap":{"1":{"name":"(anonymous_1)","line":5,"loc":{"start":{"line":5,"column":16},"end":{"line":5,"column":27}}},"2":{"name":"(anonymous_2)","line":8,"loc":{"start":{"line":8,"column":15},"end":{"line":8,"column":39}}}},"statementMap":{"1":{"start":{"line":3,"column":0},"end":{"line":22,"column":3}},"2":{"start":{"line":7,"column":2},"end":{"line":20,"column":4}},"3":{"start":{"line":9,"column":6},"end":{"line":18,"column":7}},"4":{"start":{"line":11,"column":10},"end":{"line":11,"column":31}},"5":{"start":{"line":12,"column":10},"end":{"line":12,"column":16}},"6":{"start":{"line":14,"column":10},"end":{"line":14,"column":31}},"7":{"start":{"line":15,"column":10},"end":{"line":15,"column":16}},"8":{"start":{"line":17,"column":10},"end":{"line":17,"column":31}}},"branchMap":{"1":{"line":9,"type":"switch","locations":[{"start":{"line":10,"column":8},"end":{"line":12,"column":16}},{"start":{"line":13,"column":8},"end":{"line":15,"column":16}},{"start":{"line":16,"column":8},"end":{"line":17,"column":31}}]}},"l":{"3":1,"7":3,"9":2,"11":1,"12":1,"14":1,"15":1,"17":0}},
"/Users/geatz/Documents/development/yesno/angular1.6.1/app/nav/nav.js":{"path":"/Users/geatz/Documents/development/yesno/angular1.6.1/app/nav/nav.js","s":{"1":1,"2":1,"3":1},"b":{},"f":{"1":1},"fnMap":{"1":{"name":"(anonymous_1)","line":5,"loc":{"start":{"line":5,"column":55},"end":{"line":5,"column":89}}}},"statementMap":{"1":{"start":{"line":3,"column":0},"end":{"line":11,"column":4}},"2":{"start":{"line":7,"column":2},"end":{"line":7,"column":37}},"3":{"start":{"line":9,"column":2},"end":{"line":9,"column":30}}},"branchMap":{},"l":{"3":1,"7":1,"9":1}},
"/Users/geatz/Documents/development/yesno/angular1.6.1/app/nav/nav.service.js":{"path":"/Users/geatz/Documents/development/yesno/angular1.6.1/app/nav/nav.service.js","s":{"1":1,"2":1,"3":1,"4":1},"b":{},"f":{"1":1,"2":1},"fnMap":{"1":{"name":"(anonymous_1)","line":3,"loc":{"start":{"line":3,"column":23},"end":{"line":3,"column":34}}},"2":{"name":"(anonymous_2)","line":6,"loc":{"start":{"line":6,"column":14},"end":{"line":6,"column":31}}}},"statementMap":{"1":{"start":{"line":1,"column":0},"end":{"line":12,"column":3}},"2":{"start":{"line":5,"column":2},"end":{"line":10,"column":4}},"3":{"start":{"line":7,"column":6},"end":{"line":7,"column":17}},"4":{"start":{"line":8,"column":6},"end":{"line":8,"column":16}}},"branchMap":{},"l":{"1":1,"5":1,"7":1,"8":1}},
"/Users/geatz/Documents/development/yesno/angular1.6.1/app/nav/nav_test.js":{"path":"/Users/geatz/Documents/development/yesno/angular1.6.1/app/nav/nav_test.js","s":{"1":1,"2":1,"3":1,"4":1,"5":1,"6":1,"7":1,"8":1,"9":1,"10":1},"b":{},"f":{"1":1,"2":1,"3":1,"4":1},"fnMap":{"1":{"name":"(anonymous_1)","line":3,"loc":{"start":{"line":3,"column":33},"end":{"line":3,"column":44}}},"2":{"name":"(anonymous_2)","line":7,"loc":{"start":{"line":7,"column":34},"end":{"line":7,"column":44}}},"3":{"name":"(anonymous_3)","line":11,"loc":{"start":{"line":11,"column":22},"end":{"line":11,"column":56}}},"4":{"name":"(anonymous_4)","line":18,"loc":{"start":{"line":18,"column":55},"end":{"line":18,"column":67}}}},"statementMap":{"1":{"start":{"line":3,"column":0},"end":{"line":26,"column":3}},"2":{"start":{"line":5,"column":2},"end":{"line":5,"column":37}},"3":{"start":{"line":7,"column":2},"end":{"line":24,"column":5}},"4":{"start":{"line":9,"column":4},"end":{"line":9,"column":20}},"5":{"start":{"line":11,"column":4},"end":{"line":16,"column":8}},"6":{"start":{"line":12,"column":6},"end":{"line":12,"column":32}},"7":{"start":{"line":13,"column":6},"end":{"line":15,"column":9}},"8":{"start":{"line":18,"column":4},"end":{"line":22,"column":7}},"9":{"start":{"line":20,"column":6},"end":{"line":20,"column":31}},"10":{"start":{"line":21,"column":6},"end":{"line":21,"column":36}}},"branchMap":{},"l":{"3":1,"5":1,"7":1,"9":1,"11":1,"12":1,"13":1,"18":1,"20":1,"21":1}},
"/Users/geatz/Documents/development/yesno/angular1.6.1/app/view1/view1.factory.js":{"path":"/Users/geatz/Documents/development/yesno/angular1.6.1/app/view1/view1.factory.js","s":{"1":1,"2":1,"3":1,"4":0,"5":0},"b":{},"f":{"1":1,"2":1,"3":0},"fnMap":{"1":{"name":"(anonymous_1)","line":3,"loc":{"start":{"line":3,"column":19},"end":{"line":3,"column":29}}},"2":{"name":"(anonymous_2)","line":6,"loc":{"start":{"line":6,"column":14},"end":{"line":6,"column":28}}},"3":{"name":"(anonymous_3)","line":9,"loc":{"start":{"line":9,"column":14},"end":{"line":9,"column":35}}}},"statementMap":{"1":{"start":{"line":1,"column":0},"end":{"line":34,"column":3}},"2":{"start":{"line":5,"column":2},"end":{"line":32,"column":3}},"3":{"start":{"line":7,"column":6},"end":{"line":7,"column":18}},"4":{"start":{"line":10,"column":6},"end":{"line":29,"column":9}},"5":{"start":{"line":30,"column":6},"end":{"line":30,"column":17}}},"branchMap":{},"l":{"1":1,"5":1,"7":1,"10":0,"30":0}},
"/Users/geatz/Documents/development/yesno/angular1.6.1/app/view1/view1.js":{"path":"/Users/geatz/Documents/development/yesno/angular1.6.1/app/view1/view1.js","s":{"1":1,"2":1,"3":1,"4":1},"b":{},"f":{"1":1},"fnMap":{"1":{"name":"(anonymous_1)","line":6,"loc":{"start":{"line":6,"column":2},"end":{"line":6,"column":32}}}},"statementMap":{"1":{"start":{"line":3,"column":0},"end":{"line":28,"column":4}},"2":{"start":{"line":8,"column":2},"end":{"line":8,"column":36}},"3":{"start":{"line":10,"column":2},"end":{"line":10,"column":23}},"4":{"start":{"line":12,"column":2},"end":{"line":12,"column":59}}},"branchMap":{},"l":{"3":1,"8":1,"10":1,"12":1}},
"/Users/geatz/Documents/development/yesno/angular1.6.1/app/view1/view1_test.js":{"path":"/Users/geatz/Documents/development/yesno/angular1.6.1/app/view1/view1_test.js","s":{"1":1,"2":1,"3":1,"4":1,"5":1,"6":1,"7":1,"8":1,"9":1,"10":1},"b":{},"f":{"1":1,"2":1,"3":1,"4":1},"fnMap":{"1":{"name":"(anonymous_1)","line":3,"loc":{"start":{"line":3,"column":32},"end":{"line":3,"column":43}}},"2":{"name":"(anonymous_2)","line":7,"loc":{"start":{"line":7,"column":36},"end":{"line":7,"column":46}}},"3":{"name":"(anonymous_3)","line":11,"loc":{"start":{"line":11,"column":22},"end":{"line":11,"column":56}}},"4":{"name":"(anonymous_4)","line":18,"loc":{"start":{"line":18,"column":61},"end":{"line":18,"column":73}}}},"statementMap":{"1":{"start":{"line":3,"column":0},"end":{"line":25,"column":3}},"2":{"start":{"line":5,"column":2},"end":{"line":5,"column":36}},"3":{"start":{"line":7,"column":2},"end":{"line":23,"column":5}},"4":{"start":{"line":9,"column":4},"end":{"line":9,"column":20}},"5":{"start":{"line":11,"column":4},"end":{"line":16,"column":8}},"6":{"start":{"line":12,"column":6},"end":{"line":12,"column":32}},"7":{"start":{"line":13,"column":6},"end":{"line":15,"column":9}},"8":{"start":{"line":18,"column":4},"end":{"line":21,"column":7}},"9":{"start":{"line":19,"column":6},"end":{"line":19,"column":60}},"10":{"start":{"line":20,"column":6},"end":{"line":20,"column":69}}},"branchMap":{},"l":{"3":1,"5":1,"7":1,"9":1,"11":1,"12":1,"13":1,"18":1,"19":1,"20":1}},
"/Users/geatz/Documents/development/yesno/angular1.6.1/app/view2/view2.js":{"path":"/Users/geatz/Documents/development/yesno/angular1.6.1/app/view2/view2.js","s":{"1":1,"2":1,"3":1},"b":{},"f":{"1":1},"fnMap":{"1":{"name":"(anonymous_1)","line":5,"loc":{"start":{"line":5,"column":33},"end":{"line":5,"column":47}}}},"statementMap":{"1":{"start":{"line":3,"column":0},"end":{"line":10,"column":4}},"2":{"start":{"line":6,"column":2},"end":{"line":6,"column":36}},"3":{"start":{"line":8,"column":2},"end":{"line":8,"column":23}}},"branchMap":{},"l":{"3":1,"6":1,"8":1}},
"/Users/geatz/Documents/development/yesno/angular1.6.1/app/view2/view2_test.js":{"path":"/Users/geatz/Documents/development/yesno/angular1.6.1/app/view2/view2_test.js","s":{"1":1,"2":1,"3":1,"4":1,"5":1,"6":1,"7":1,"8":1,"9":1},"b":{},"f":{"1":1,"2":1,"3":1,"4":1},"fnMap":{"1":{"name":"(anonymous_1)","line":3,"loc":{"start":{"line":3,"column":32},"end":{"line":3,"column":43}}},"2":{"name":"(anonymous_2)","line":7,"loc":{"start":{"line":7,"column":36},"end":{"line":7,"column":46}}},"3":{"name":"(anonymous_3)","line":11,"loc":{"start":{"line":11,"column":22},"end":{"line":11,"column":44}}},"4":{"name":"(anonymous_4)","line":15,"loc":{"start":{"line":15,"column":29},"end":{"line":15,"column":41}}}},"statementMap":{"1":{"start":{"line":3,"column":0},"end":{"line":23,"column":3}},"2":{"start":{"line":5,"column":2},"end":{"line":5,"column":36}},"3":{"start":{"line":7,"column":2},"end":{"line":21,"column":5}},"4":{"start":{"line":9,"column":4},"end":{"line":9,"column":13}},"5":{"start":{"line":11,"column":4},"end":{"line":13,"column":8}},"6":{"start":{"line":12,"column":6},"end":{"line":12,"column":38}},"7":{"start":{"line":15,"column":4},"end":{"line":19,"column":7}},"8":{"start":{"line":17,"column":6},"end":{"line":17,"column":33}},"9":{"start":{"line":18,"column":6},"end":{"line":18,"column":49}}},"branchMap":{},"l":{"3":1,"5":1,"7":1,"9":1,"11":1,"12":1,"15":1,"17":1,"18":1}}}
